------------------------------------------------------------
Server listening on TCP port 5001
TCP window size: 15.3 MByte (WARNING: requested 7.63 MByte)
------------------------------------------------------------
[  1] local 10.0.0.2 port 5001 connected with 10.0.0.1 port 36830 (icwnd/mss/irtt=14/1448/302214)
[ ID] Interval       Transfer     Bandwidth
[  1] 0.0000-1.0000 sec   211 KBytes  1.73 Mbits/sec
[  1] 1.0000-2.0000 sec  1.55 MBytes  13.0 Mbits/sec
[  1] 2.0000-3.0000 sec  12.4 MBytes   104 Mbits/sec
[  1] 3.0000-4.0000 sec  30.3 MBytes   254 Mbits/sec
[  1] 4.0000-5.0000 sec  23.5 MBytes   197 Mbits/sec
[  1] 5.0000-6.0000 sec  22.9 MBytes   192 Mbits/sec
[  1] 6.0000-7.0000 sec  31.6 MBytes   265 Mbits/sec
[  1] 7.0000-8.0000 sec  21.6 MBytes   182 Mbits/sec
[  1] 8.0000-9.0000 sec  24.0 MBytes   201 Mbits/sec
[  1] 9.0000-10.0000 sec  30.1 MBytes   253 Mbits/sec
[  1] 10.0000-11.0000 sec  22.7 MBytes   191 Mbits/sec
[  1] 11.0000-12.0000 sec  21.5 MBytes   181 Mbits/sec
[  1] 12.0000-13.0000 sec  29.9 MBytes   251 Mbits/sec
[  1] 13.0000-14.0000 sec  22.5 MBytes   188 Mbits/sec
[  1] 14.0000-15.0000 sec  21.4 MBytes   180 Mbits/sec
[  1] 15.0000-16.0000 sec  28.9 MBytes   242 Mbits/sec
[  1] 16.0000-17.0000 sec  22.0 MBytes   185 Mbits/sec
[  1] 17.0000-18.0000 sec  21.5 MBytes   180 Mbits/sec
[  1] 18.0000-19.0000 sec  30.6 MBytes   257 Mbits/sec
[  1] 19.0000-20.0000 sec  22.2 MBytes   186 Mbits/sec
[  1] 20.0000-21.0000 sec  23.9 MBytes   201 Mbits/sec
[  1] 21.0000-22.0000 sec  31.2 MBytes   262 Mbits/sec
[  1] 22.0000-23.0000 sec  21.8 MBytes   183 Mbits/sec
[  1] 23.0000-24.0000 sec  22.1 MBytes   186 Mbits/sec
[  1] 24.0000-25.0000 sec  30.4 MBytes   255 Mbits/sec
[  1] 25.0000-26.0000 sec  21.5 MBytes   180 Mbits/sec
[  1] 26.0000-27.0000 sec  21.7 MBytes   182 Mbits/sec
[  1] 27.0000-28.0000 sec  32.0 MBytes   268 Mbits/sec
[  1] 28.0000-29.0000 sec  24.0 MBytes   201 Mbits/sec
[  1] 29.0000-30.0000 sec  24.0 MBytes   201 Mbits/sec
[  1] 0.0000-30.0609 sec   701 MBytes   196 Mbits/sec
