------------------------------------------------------------
Client connecting to 10.0.0.2, TCP port 5001
TCP window size: 15.3 MByte (WARNING: requested 7.63 MByte)
------------------------------------------------------------
[  1] local 10.0.0.1 port 57936 connected with 10.0.0.2 port 5001 (icwnd/mss/irtt=14/1448/21093)
[ ID] Interval       Transfer     Bandwidth
[  1] 0.0000-1.0000 sec   919 MBytes  7.71 Gbits/sec
[  1] 1.0000-2.0000 sec   981 MBytes  8.23 Gbits/sec
[  1] 2.0000-3.0000 sec   978 MBytes  8.21 Gbits/sec
[  1] 3.0000-4.0000 sec   982 MBytes  8.24 Gbits/sec
[  1] 4.0000-5.0000 sec   978 MBytes  8.20 Gbits/sec
[  1] 5.0000-6.0000 sec   981 MBytes  8.23 Gbits/sec
[  1] 6.0000-7.0000 sec   978 MBytes  8.20 Gbits/sec
[  1] 7.0000-8.0000 sec   976 MBytes  8.19 Gbits/sec
[  1] 8.0000-9.0000 sec   980 MBytes  8.22 Gbits/sec
[  1] 9.0000-10.0000 sec   984 MBytes  8.25 Gbits/sec
[  1] 10.0000-11.0000 sec   981 MBytes  8.23 Gbits/sec
[  1] 11.0000-12.0000 sec   976 MBytes  8.19 Gbits/sec
[  1] 12.0000-13.0000 sec   980 MBytes  8.22 Gbits/sec
[  1] 13.0000-14.0000 sec   980 MBytes  8.22 Gbits/sec
[  1] 14.0000-15.0000 sec   979 MBytes  8.21 Gbits/sec
[  1] 15.0000-16.0000 sec   985 MBytes  8.26 Gbits/sec
[  1] 16.0000-17.0000 sec   977 MBytes  8.20 Gbits/sec
[  1] 17.0000-18.0000 sec   980 MBytes  8.22 Gbits/sec
[  1] 18.0000-19.0000 sec   982 MBytes  8.23 Gbits/sec
[  1] 19.0000-20.0000 sec   984 MBytes  8.25 Gbits/sec
[  1] 20.0000-21.0000 sec   983 MBytes  8.25 Gbits/sec
[  1] 21.0000-22.0000 sec   979 MBytes  8.21 Gbits/sec
[  1] 22.0000-23.0000 sec   988 MBytes  8.29 Gbits/sec
[  1] 23.0000-24.0000 sec   983 MBytes  8.24 Gbits/sec
[  1] 24.0000-25.0000 sec   976 MBytes  8.19 Gbits/sec
[  1] 25.0000-26.0000 sec   983 MBytes  8.25 Gbits/sec
[  1] 26.0000-27.0000 sec   976 MBytes  8.19 Gbits/sec
[  1] 27.0000-28.0000 sec   960 MBytes  8.06 Gbits/sec
[  1] 28.0000-29.0000 sec   974 MBytes  8.17 Gbits/sec
[  1] 29.0000-30.0000 sec   975 MBytes  8.18 Gbits/sec
[  1] 30.0000-31.0141 sec   128 KBytes  1.03 Mbits/sec
[  1] 0.0000-31.0141 sec  28.6 GBytes  7.93 Gbits/sec
