------------------------------------------------------------
Client connecting to 10.0.0.2, TCP port 5001
TCP window size: 15.3 MByte (WARNING: requested 7.63 MByte)
------------------------------------------------------------
[  1] local 10.0.0.1 port 32910 connected with 10.0.0.2 port 5001 (icwnd/mss/irtt=14/1448/406542)
[ ID] Interval       Transfer     Bandwidth
[  1] 0.0000-1.0000 sec  14.9 MBytes   125 Mbits/sec
[  1] 1.0000-2.0000 sec  7.19 MBytes  60.3 Mbits/sec
[  1] 2.0000-3.0000 sec  38.6 MBytes   324 Mbits/sec
[  1] 3.0000-4.0000 sec  40.0 MBytes   336 Mbits/sec
[  1] 4.0000-5.0000 sec  40.0 MBytes   336 Mbits/sec
[  1] 5.0000-6.0000 sec  39.0 MBytes   327 Mbits/sec
[  1] 6.0000-7.0000 sec  38.5 MBytes   323 Mbits/sec
[  1] 7.0000-8.0000 sec  37.1 MBytes   311 Mbits/sec
[  1] 8.0000-9.0000 sec  40.0 MBytes   336 Mbits/sec
[  1] 9.0000-10.0000 sec  38.0 MBytes   319 Mbits/sec
[  1] 10.0000-11.0000 sec  40.0 MBytes   336 Mbits/sec
[  1] 11.0000-12.0000 sec  40.0 MBytes   336 Mbits/sec
[  1] 12.0000-13.0000 sec  37.1 MBytes   311 Mbits/sec
[  1] 13.0000-14.0000 sec  36.2 MBytes   304 Mbits/sec
[  1] 14.0000-15.0000 sec  40.0 MBytes   336 Mbits/sec
[  1] 15.0000-16.0000 sec  40.0 MBytes   336 Mbits/sec
[  1] 16.0000-17.0000 sec  40.0 MBytes   336 Mbits/sec
[  1] 17.0000-18.0000 sec  40.0 MBytes   336 Mbits/sec
[  1] 18.0000-19.0000 sec  40.0 MBytes   336 Mbits/sec
[  1] 19.0000-20.0000 sec  38.1 MBytes   320 Mbits/sec
[  1] 20.0000-21.0000 sec  40.0 MBytes   336 Mbits/sec
[  1] 21.0000-22.0000 sec  40.0 MBytes   336 Mbits/sec
[  1] 22.0000-23.0000 sec  39.2 MBytes   329 Mbits/sec
[  1] 23.0000-24.0000 sec  39.6 MBytes   332 Mbits/sec
[  1] 24.0000-25.0000 sec  40.0 MBytes   336 Mbits/sec
[  1] 25.0000-26.0000 sec  40.0 MBytes   336 Mbits/sec
[  1] 26.0000-27.0000 sec  40.0 MBytes   336 Mbits/sec
[  1] 27.0000-28.0000 sec  40.0 MBytes   336 Mbits/sec
[  1] 28.0000-29.0000 sec  40.0 MBytes   336 Mbits/sec
[  1] 29.0000-30.0000 sec  40.0 MBytes   336 Mbits/sec
[  1] 30.0000-30.2909 sec   128 KBytes  3.60 Mbits/sec
[  1] 0.0000-30.2909 sec  1.10 GBytes   311 Mbits/sec
