------------------------------------------------------------
Client connecting to 10.0.0.2, TCP port 5001
TCP window size: 15.3 MByte (WARNING: requested 7.63 MByte)
------------------------------------------------------------
[  1] local 10.0.0.1 port 54196 connected with 10.0.0.2 port 5001 (icwnd/mss/irtt=14/1448/205410)
[ ID] Interval       Transfer     Bandwidth
[  1] 0.0000-1.0000 sec  20.1 MBytes   169 Mbits/sec
[  1] 1.0000-2.0000 sec  73.8 MBytes   619 Mbits/sec
[  1] 2.0000-3.0000 sec  79.1 MBytes   664 Mbits/sec
[  1] 3.0000-4.0000 sec  78.2 MBytes   656 Mbits/sec
[  1] 4.0000-5.0000 sec  83.9 MBytes   704 Mbits/sec
[  1] 5.0000-6.0000 sec  77.4 MBytes   649 Mbits/sec
[  1] 6.0000-7.0000 sec  76.4 MBytes   641 Mbits/sec
[  1] 7.0000-8.0000 sec  84.2 MBytes   707 Mbits/sec
[  1] 8.0000-9.0000 sec  79.0 MBytes   663 Mbits/sec
[  1] 9.0000-10.0000 sec  78.6 MBytes   660 Mbits/sec
[  1] 10.0000-11.0000 sec  79.5 MBytes   667 Mbits/sec
[  1] 11.0000-12.0000 sec  79.6 MBytes   668 Mbits/sec
[  1] 12.0000-13.0000 sec  79.1 MBytes   664 Mbits/sec
[  1] 13.0000-14.0000 sec  79.5 MBytes   667 Mbits/sec
[  1] 14.0000-15.0000 sec  74.2 MBytes   623 Mbits/sec
[  1] 15.0000-16.0000 sec  84.1 MBytes   706 Mbits/sec
[  1] 16.0000-17.0000 sec  74.8 MBytes   627 Mbits/sec
[  1] 17.0000-18.0000 sec  79.0 MBytes   663 Mbits/sec
[  1] 18.0000-19.0000 sec  79.0 MBytes   663 Mbits/sec
[  1] 19.0000-20.0000 sec  58.0 MBytes   487 Mbits/sec
[  1] 20.0000-21.0000 sec  73.8 MBytes   619 Mbits/sec
[  1] 21.0000-22.0000 sec  79.2 MBytes   665 Mbits/sec
[  1] 22.0000-23.0000 sec  79.2 MBytes   665 Mbits/sec
[  1] 23.0000-24.0000 sec  74.4 MBytes   624 Mbits/sec
[  1] 24.0000-25.0000 sec  79.5 MBytes   667 Mbits/sec
[  1] 25.0000-26.0000 sec  79.8 MBytes   669 Mbits/sec
[  1] 26.0000-27.0000 sec  79.5 MBytes   667 Mbits/sec
[  1] 27.0000-28.0000 sec  79.6 MBytes   668 Mbits/sec
[  1] 28.0000-29.0000 sec  78.6 MBytes   660 Mbits/sec
[  1] 29.0000-30.0000 sec  79.0 MBytes   663 Mbits/sec
[  1] 0.0000-30.1503 sec  2.23 GBytes   634 Mbits/sec
