------------------------------------------------------------
Client connecting to 10.0.0.2, TCP port 5001
TCP window size: 15.3 MByte (WARNING: requested 7.63 MByte)
------------------------------------------------------------
[  1] local 10.0.0.1 port 36830 connected with 10.0.0.2 port 5001 (icwnd/mss/irtt=14/1448/606372)
[ ID] Interval       Transfer     Bandwidth
[  1] 0.0000-1.0000 sec  14.9 MBytes   125 Mbits/sec
[  1] 1.0000-2.0000 sec   192 KBytes  1.57 Mbits/sec
[  1] 2.0000-3.0000 sec  3.25 MBytes  27.2 Mbits/sec
[  1] 3.0000-4.0000 sec  33.1 MBytes   278 Mbits/sec
[  1] 4.0000-5.0000 sec  24.0 MBytes   201 Mbits/sec
[  1] 5.0000-6.0000 sec  22.4 MBytes   188 Mbits/sec
[  1] 6.0000-7.0000 sec  32.0 MBytes   268 Mbits/sec
[  1] 7.0000-8.0000 sec  21.4 MBytes   179 Mbits/sec
[  1] 8.0000-9.0000 sec  23.8 MBytes   199 Mbits/sec
[  1] 9.0000-10.0000 sec  30.1 MBytes   253 Mbits/sec
[  1] 10.0000-11.0000 sec  23.2 MBytes   195 Mbits/sec
[  1] 11.0000-12.0000 sec  23.1 MBytes   194 Mbits/sec
[  1] 12.0000-13.0000 sec  28.4 MBytes   238 Mbits/sec
[  1] 13.0000-14.0000 sec  22.6 MBytes   190 Mbits/sec
[  1] 14.0000-15.0000 sec  21.8 MBytes   182 Mbits/sec
[  1] 15.0000-16.0000 sec  29.2 MBytes   245 Mbits/sec
[  1] 16.0000-17.0000 sec  20.5 MBytes   172 Mbits/sec
[  1] 17.0000-18.0000 sec  21.8 MBytes   182 Mbits/sec
[  1] 18.0000-19.0000 sec  30.4 MBytes   255 Mbits/sec
[  1] 19.0000-20.0000 sec  22.4 MBytes   188 Mbits/sec
[  1] 20.0000-21.0000 sec  23.8 MBytes   199 Mbits/sec
[  1] 21.0000-22.0000 sec  31.4 MBytes   263 Mbits/sec
[  1] 22.0000-23.0000 sec  22.1 MBytes   186 Mbits/sec
[  1] 23.0000-24.0000 sec  22.2 MBytes   187 Mbits/sec
[  1] 24.0000-25.0000 sec  30.4 MBytes   255 Mbits/sec
[  1] 25.0000-26.0000 sec  22.0 MBytes   185 Mbits/sec
[  1] 26.0000-27.0000 sec  20.8 MBytes   174 Mbits/sec
[  1] 27.0000-28.0000 sec  31.9 MBytes   267 Mbits/sec
[  1] 28.0000-29.0000 sec  24.0 MBytes   201 Mbits/sec
[  1] 29.0000-30.0000 sec  24.0 MBytes   201 Mbits/sec
[  1] 30.0000-30.3854 sec   128 KBytes  2.72 Mbits/sec
[  1] 0.0000-30.3854 sec   701 MBytes   194 Mbits/sec
