------------------------------------------------------------
Client connecting to 10.0.0.2, TCP port 5001
TCP window size: 15.3 MByte (WARNING: requested 7.63 MByte)
------------------------------------------------------------
[  1] local 10.0.0.1 port 50410 connected with 10.0.0.2 port 5001 (icwnd/mss/irtt=14/1448/45565)
[ ID] Interval       Transfer     Bandwidth
[  1] 0.0000-1.0000 sec   324 MBytes  2.71 Gbits/sec
[  1] 1.0000-2.0000 sec   389 MBytes  3.27 Gbits/sec
[  1] 2.0000-3.0000 sec   392 MBytes  3.29 Gbits/sec
[  1] 3.0000-4.0000 sec   392 MBytes  3.29 Gbits/sec
[  1] 4.0000-5.0000 sec   398 MBytes  3.34 Gbits/sec
[  1] 5.0000-6.0000 sec   391 MBytes  3.28 Gbits/sec
[  1] 6.0000-7.0000 sec   389 MBytes  3.26 Gbits/sec
[  1] 7.0000-8.0000 sec   389 MBytes  3.26 Gbits/sec
[  1] 8.0000-9.0000 sec   389 MBytes  3.26 Gbits/sec
[  1] 9.0000-10.0000 sec   389 MBytes  3.26 Gbits/sec
[  1] 10.0000-11.0000 sec   392 MBytes  3.29 Gbits/sec
[  1] 11.0000-12.0000 sec   389 MBytes  3.26 Gbits/sec
[  1] 12.0000-13.0000 sec   389 MBytes  3.26 Gbits/sec
[  1] 13.0000-14.0000 sec   389 MBytes  3.26 Gbits/sec
[  1] 14.0000-15.0000 sec   392 MBytes  3.29 Gbits/sec
[  1] 15.0000-16.0000 sec   397 MBytes  3.33 Gbits/sec
[  1] 16.0000-17.0000 sec   396 MBytes  3.32 Gbits/sec
[  1] 17.0000-18.0000 sec   390 MBytes  3.27 Gbits/sec
[  1] 18.0000-19.0000 sec   392 MBytes  3.29 Gbits/sec
[  1] 19.0000-20.0000 sec   392 MBytes  3.29 Gbits/sec
[  1] 20.0000-21.0000 sec   392 MBytes  3.29 Gbits/sec
[  1] 21.0000-22.0000 sec   399 MBytes  3.35 Gbits/sec
[  1] 22.0000-23.0000 sec   391 MBytes  3.28 Gbits/sec
[  1] 23.0000-24.0000 sec   392 MBytes  3.29 Gbits/sec
[  1] 24.0000-25.0000 sec   399 MBytes  3.35 Gbits/sec
[  1] 25.0000-26.0000 sec   392 MBytes  3.29 Gbits/sec
[  1] 26.0000-27.0000 sec   393 MBytes  3.30 Gbits/sec
[  1] 27.0000-28.0000 sec   394 MBytes  3.30 Gbits/sec
[  1] 28.0000-29.0000 sec   391 MBytes  3.28 Gbits/sec
[  1] 29.0000-30.0000 sec   394 MBytes  3.30 Gbits/sec
[  1] 0.0000-30.0395 sec  11.4 GBytes  3.27 Gbits/sec
