------------------------------------------------------------
Client connecting to 10.0.0.2, TCP port 5001
TCP window size: 15.3 MByte (WARNING: requested 7.63 MByte)
------------------------------------------------------------
[  1] local 10.0.0.1 port 41660 connected with 10.0.0.2 port 5001 (icwnd/mss/irtt=14/1448/1254570)
[ ID] Interval       Transfer     Bandwidth
[  1] 0.0000-1.0000 sec  14.9 MBytes   125 Mbits/sec
[  1] 1.0000-2.0000 sec  29.3 MBytes   246 Mbits/sec
[  1] 2.0000-3.0000 sec  37.9 MBytes   318 Mbits/sec
[  1] 3.0000-4.0000 sec  34.1 MBytes   286 Mbits/sec
[  1] 4.0000-5.0000 sec  26.4 MBytes   221 Mbits/sec
[  1] 5.0000-6.0000 sec  36.1 MBytes   303 Mbits/sec
[  1] 6.0000-7.0000 sec  38.0 MBytes   319 Mbits/sec
[  1] 7.0000-8.0000 sec  31.6 MBytes   265 Mbits/sec
[  1] 8.0000-9.0000 sec  33.5 MBytes   281 Mbits/sec
[  1] 9.0000-10.0000 sec  36.0 MBytes   302 Mbits/sec
[  1] 10.0000-11.0000 sec  27.2 MBytes   229 Mbits/sec
[  1] 11.0000-12.0000 sec  27.6 MBytes   232 Mbits/sec
[  1] 12.0000-13.0000 sec  34.0 MBytes   285 Mbits/sec
[  1] 13.0000-14.0000 sec  31.6 MBytes   265 Mbits/sec
[  1] 14.0000-15.0000 sec  43.1 MBytes   362 Mbits/sec
[  1] 15.0000-16.0000 sec  33.2 MBytes   279 Mbits/sec
[  1] 16.0000-17.0000 sec  34.8 MBytes   292 Mbits/sec
[  1] 17.0000-18.0000 sec  37.9 MBytes   318 Mbits/sec
[  1] 18.0000-19.0000 sec  35.6 MBytes   299 Mbits/sec
[  1] 19.0000-20.0000 sec  31.0 MBytes   260 Mbits/sec
[  1] 20.0000-21.0000 sec  28.1 MBytes   236 Mbits/sec
[  1] 21.0000-22.0000 sec  21.6 MBytes   181 Mbits/sec
[  1] 22.0000-23.0000 sec  36.0 MBytes   302 Mbits/sec
[  1] 23.0000-24.0000 sec  23.4 MBytes   196 Mbits/sec
[  1] 24.0000-25.0000 sec  34.2 MBytes   287 Mbits/sec
[  1] 25.0000-26.0000 sec  41.4 MBytes   347 Mbits/sec
[  1] 26.0000-27.0000 sec  32.6 MBytes   274 Mbits/sec
[  1] 27.0000-28.0000 sec  35.9 MBytes   301 Mbits/sec
[  1] 28.0000-29.0000 sec  35.5 MBytes   298 Mbits/sec
[  1] 29.0000-30.0000 sec  44.2 MBytes   371 Mbits/sec
[  1] 30.0000-30.5149 sec   128 KBytes  2.04 Mbits/sec
[  1] 0.0000-30.5149 sec   987 MBytes   271 Mbits/sec
