------------------------------------------------------------
Client connecting to 10.0.0.2, TCP port 5001
TCP window size: 15.3 MByte (WARNING: requested 7.63 MByte)
------------------------------------------------------------
[  1] local 10.0.0.1 port 34094 connected with 10.0.0.2 port 5001 (icwnd/mss/irtt=14/1448/206124)
[ ID] Interval       Transfer     Bandwidth
[  1] 0.0000-1.0000 sec  22.1 MBytes   186 Mbits/sec
[  1] 1.0000-2.0000 sec  72.2 MBytes   606 Mbits/sec
[  1] 2.0000-3.0000 sec  76.9 MBytes   645 Mbits/sec
[  1] 3.0000-4.0000 sec  77.1 MBytes   647 Mbits/sec
[  1] 4.0000-5.0000 sec  75.6 MBytes   634 Mbits/sec
[  1] 5.0000-6.0000 sec  74.8 MBytes   627 Mbits/sec
[  1] 6.0000-7.0000 sec  79.6 MBytes   668 Mbits/sec
[  1] 7.0000-8.0000 sec  79.2 MBytes   665 Mbits/sec
[  1] 8.0000-9.0000 sec  76.1 MBytes   639 Mbits/sec
[  1] 9.0000-10.0000 sec  80.0 MBytes   671 Mbits/sec
[  1] 10.0000-11.0000 sec  73.2 MBytes   614 Mbits/sec
[  1] 11.0000-12.0000 sec  78.0 MBytes   654 Mbits/sec
[  1] 12.0000-13.0000 sec  79.5 MBytes   667 Mbits/sec
[  1] 13.0000-14.0000 sec  70.9 MBytes   595 Mbits/sec
[  1] 14.0000-15.0000 sec  73.6 MBytes   618 Mbits/sec
[  1] 15.0000-16.0000 sec  75.4 MBytes   632 Mbits/sec
[  1] 16.0000-17.0000 sec  71.1 MBytes   597 Mbits/sec
[  1] 17.0000-18.0000 sec  68.8 MBytes   577 Mbits/sec
[  1] 18.0000-19.0000 sec  77.9 MBytes   653 Mbits/sec
[  1] 19.0000-20.0000 sec  80.0 MBytes   671 Mbits/sec
[  1] 20.0000-21.0000 sec  75.4 MBytes   632 Mbits/sec
[  1] 21.0000-22.0000 sec  80.0 MBytes   671 Mbits/sec
[  1] 22.0000-23.0000 sec  76.9 MBytes   645 Mbits/sec
[  1] 23.0000-24.0000 sec  76.5 MBytes   642 Mbits/sec
[  1] 24.0000-25.0000 sec  80.0 MBytes   671 Mbits/sec
[  1] 25.0000-26.0000 sec  76.2 MBytes   640 Mbits/sec
[  1] 26.0000-27.0000 sec  79.6 MBytes   668 Mbits/sec
[  1] 27.0000-28.0000 sec  74.6 MBytes   626 Mbits/sec
[  1] 28.0000-29.0000 sec  80.1 MBytes   672 Mbits/sec
[  1] 29.0000-30.0000 sec  79.9 MBytes   670 Mbits/sec
[  1] 0.0000-30.1693 sec  2.19 GBytes   623 Mbits/sec
