------------------------------------------------------------
Client connecting to 10.0.0.2, TCP port 5001
TCP window size: 15.3 MByte (WARNING: requested 7.63 MByte)
------------------------------------------------------------
[  1] local 10.0.0.1 port 38736 connected with 10.0.0.2 port 5001 (icwnd/mss/irtt=14/1448/206641)
[ ID] Interval       Transfer     Bandwidth
[  1] 0.0000-1.0000 sec  14.9 MBytes   125 Mbits/sec
[  1] 1.0000-2.0000 sec  26.1 MBytes   219 Mbits/sec
[  1] 2.0000-3.0000 sec  38.6 MBytes   324 Mbits/sec
[  1] 3.0000-4.0000 sec  35.5 MBytes   298 Mbits/sec
[  1] 4.0000-5.0000 sec  47.8 MBytes   401 Mbits/sec
[  1] 5.0000-6.0000 sec  43.1 MBytes   362 Mbits/sec
[  1] 6.0000-7.0000 sec  44.6 MBytes   374 Mbits/sec
[  1] 7.0000-8.0000 sec  43.8 MBytes   367 Mbits/sec
[  1] 8.0000-9.0000 sec  49.9 MBytes   418 Mbits/sec
[  1] 9.0000-10.0000 sec  41.5 MBytes   348 Mbits/sec
[  1] 10.0000-11.0000 sec  27.2 MBytes   229 Mbits/sec
[  1] 11.0000-12.0000 sec  41.8 MBytes   350 Mbits/sec
[  1] 12.0000-13.0000 sec  46.0 MBytes   386 Mbits/sec
[  1] 13.0000-14.0000 sec  45.4 MBytes   381 Mbits/sec
[  1] 14.0000-15.0000 sec  36.8 MBytes   308 Mbits/sec
[  1] 15.0000-16.0000 sec  40.8 MBytes   342 Mbits/sec
[  1] 16.0000-17.0000 sec  47.4 MBytes   397 Mbits/sec
[  1] 17.0000-18.0000 sec  39.6 MBytes   332 Mbits/sec
[  1] 18.0000-19.0000 sec  46.6 MBytes   391 Mbits/sec
[  1] 19.0000-20.0000 sec  38.1 MBytes   320 Mbits/sec
[  1] 20.0000-21.0000 sec  31.8 MBytes   266 Mbits/sec
[  1] 21.0000-22.0000 sec  41.9 MBytes   351 Mbits/sec
[  1] 22.0000-23.0000 sec  37.6 MBytes   316 Mbits/sec
[  1] 23.0000-24.0000 sec  44.6 MBytes   374 Mbits/sec
[  1] 24.0000-25.0000 sec  51.2 MBytes   430 Mbits/sec
[  1] 25.0000-26.0000 sec  36.5 MBytes   306 Mbits/sec
[  1] 26.0000-27.0000 sec  42.0 MBytes   352 Mbits/sec
[  1] 27.0000-28.0000 sec  41.0 MBytes   344 Mbits/sec
[  1] 28.0000-29.0000 sec  56.0 MBytes   470 Mbits/sec
[  1] 29.0000-30.0000 sec  38.4 MBytes   322 Mbits/sec
[  1] 30.0000-30.4301 sec   128 KBytes  2.44 Mbits/sec
[  1] 0.0000-30.4301 sec  1.19 GBytes   335 Mbits/sec
